0 info it worked if it ends with ok
1 verbose cli [ 'node', '/usr/local/bin/npm', 'publish' ]
2 info using npm@2.1.8
3 info using node@v0.10.29
4 verbose node symlink /usr/bin/node
5 verbose publish [ '.' ]
6 silly cache add args [ '.', null ]
7 verbose cache add spec .
8 silly cache add parsed spec { raw: '.',
8 silly cache add   scope: null,
8 silly cache add   name: null,
8 silly cache add   rawSpec: '.',
8 silly cache add   spec: '/home/efa/projects/node-red/nodes/node-red-contrib-wit',
8 silly cache add   type: 'directory' }
9 verbose tar pack [ '/home/efa/.npm/node-red-contrib-wit/0.1.3/package.tgz',
9 verbose tar pack   '/home/efa/projects/node-red/nodes/node-red-contrib-wit' ]
10 verbose tarball /home/efa/.npm/node-red-contrib-wit/0.1.3/package.tgz
11 verbose folder /home/efa/projects/node-red/nodes/node-red-contrib-wit
12 info prepublish node-red-contrib-wit@0.1.3
13 verbose addLocalTarball adding from inside cache /home/efa/.npm/node-red-contrib-wit/0.1.3/package.tgz
14 silly cache afterAdd node-red-contrib-wit@0.1.3
15 verbose afterAdd /home/efa/.npm/node-red-contrib-wit/0.1.3/package/package.json not in flight; writing
16 verbose afterAdd /home/efa/.npm/node-red-contrib-wit/0.1.3/package/package.json written
17 silly publish { name: 'node-red-contrib-wit',
17 silly publish   version: '0.1.3',
17 silly publish   description: 'Node-Red nodes for communicating with Wit.ai (https://wit.ai/)',
17 silly publish   main: '10-wit.js',
17 silly publish   dependencies: { request: '>=2.42.0' },
17 silly publish   scripts: { test: 'echo "Error: no test specified" && exit 1' },
17 silly publish   repository:
17 silly publish    { type: 'git',
17 silly publish      url: 'https://github.com/efa2000/node-red-contrib-wit.git' },
17 silly publish   keywords: [ 'node-red', 'wit', 'wit.ai', 'Natural Language' ],
17 silly publish   'node-red': { nodes: { wit: '10-wit.js' } },
17 silly publish   author: { name: 'efa200' },
17 silly publish   license: 'ISC',
17 silly publish   bugs: { url: 'https://github.com/efa2000/node-red-contrib-wit/issues' },
17 silly publish   readme: 'node-red-contrib-wit\n====================\n\n[![NPM](https://nodei.co/npm/node-red-contrib-wit.png?downloads=true&downloadRank=true&stars=true)](https://nodei.co/npm/node-red-contrib-wit/)\n\nNode-Red nodes for communication with Wit.ai\n\nWIT.AI - Natural Language for the Internet of Things! https://wit.ai/\n\n[![Screen shot](https://raw.githubusercontent.com/efa2000/node-red-contrib-wit/master/screen-shot.png)](https://raw.githubusercontent.com/efa2000/node-red-contrib-wit/master/screen-shot.png)\n\n#Install\n\nRun the following command in the root directory of your Node-RED install\n\n    npm install node-red-contrib-wit\n\n#Input\nText string from msg.payload\n\n#Output\nResponse Object in msg.payload\nExample response\n\n\t  {\n\t    "msg_id" : "387b8515-0c1d-42a9-aa80-e68b66b66c27",\n\t    "_text" : "how many people between Tuesday and Friday",\n\t    "outcomes" : [ {\n\t        "_text" : "how many people between Tuesday and Friday",\n\t        "intent" : "query_metrics",\n\t        "entities" : {\n\t            "metric" : [ {\n\t              "metadata" : "{\'code\' : 324}",\n\t              "value" : "metric_visitor"\n\t            } ],\n\t            "datetime" : [ {\n\t                "value" : {\n\t                    "from" : "2014-07-01T00:00:00.000-07:00",\n\t                    "to" : "2014-07-02T00:00:00.000-07:00"\n\t                }\n\t              }, {\n\t                "value" : {\n\t                    "from" : "2014-07-04T00:00:00.000-07:00",\n\t                    "to" : "2014-07-05T00:00:00.000-07:00"\n\t                }\n\t              } ]\n\t        },\n\t        "confidence" : 0.621\n\t    } ]\n\t  }\n \n#Datail info\nDetail info https://wit.ai/docs/http\n\n',
17 silly publish   readmeFilename: 'README.md',
17 silly publish   gitHead: '1fffea3b1176bff30e4a0e45644bbcb92b4d57b9',
17 silly publish   homepage: 'https://github.com/efa2000/node-red-contrib-wit',
17 silly publish   _id: 'node-red-contrib-wit@0.1.3',
17 silly publish   _shasum: '544623acd768c412dcf5c91d8ac00cfbb9e59a85',
17 silly publish   _from: '.' }
18 silly mapToRegistry name node-red-contrib-wit
19 silly mapToRegistry using default registry
20 silly mapToRegistry registry https://registry.npmjs.org/
21 silly mapToRegistry uri https://registry.npmjs.org/node-red-contrib-wit
22 verbose publish registryBase https://registry.npmjs.org/
23 silly publish uploading /home/efa/.npm/node-red-contrib-wit/0.1.3/package.tgz
24 verbose request uri https://registry.npmjs.org/node-red-contrib-wit
25 verbose request sending authorization for write operation
26 info attempt registry request try #1 at 20:08:45
27 verbose request id b983d6c915e0c322
28 http request PUT https://registry.npmjs.org/node-red-contrib-wit
29 http 403 https://registry.npmjs.org/node-red-contrib-wit
30 verbose headers { date: 'Mon, 12 Jan 2015 17:09:35 GMT',
30 verbose headers   server: 'CouchDB/1.5.0 (Erlang OTP/R16B03)',
30 verbose headers   'content-type': 'application/json',
30 verbose headers   'cache-control': 'max-age=60',
30 verbose headers   'content-length': '4847',
30 verbose headers   'accept-ranges': 'bytes',
30 verbose headers   via: '1.1 varnish',
30 verbose headers   'x-served-by': 'cache-fra1241-FRA',
30 verbose headers   'x-cache': 'MISS',
30 verbose headers   'x-cache-hits': '0',
30 verbose headers   'x-timer': 'S1421082574.931719,VS0,VE867',
30 verbose headers   'keep-alive': 'timeout=10, max=50',
30 verbose headers   connection: 'Keep-Alive' }
31 verbose request invalidating /home/efa/.npm/registry.npmjs.org/node-red-contrib-wit on PUT
32 error publish Failed PUT 403
33 verbose stack Error: forbidden cannot modify pre-existing version: 0.1.3
33 verbose stack old={"name":"node-red-contrib-wit","version":"0.1.3","description":"Node-Red nodes for communicating with Wit.ai (https://wit.ai/)","main":"10-wit.js","dependencies":{"request":"2.42.0"},"scripts":{"test":"echo \"Error: no test specified\" && exit 1"},"repository":{"type":"git","url":"https://github.com/efa2000/node-red-contrib-wit.git"},"keywords":["node-red","wit","wit.ai","Natural Language"],"node-red":{"nodes":{"wit":"10-wit.js"}},"author":{"name":"efa200"},"license":"ISC","bugs":{"url":"https://github.com/efa2000/node-red-contrib-wit/issues"},"gitHead":"2ddadb4d13baaaf7779d9534339bb9a62fce8d31","homepage":"https://github.com/efa2000/node-red-contrib-wit","_id":"node-red-contrib-wit@0.1.3","_shasum":"ac21e8267ac42e881acdc849fe9d7bde81e12799","_from":".","_npmVersion":"2.1.8","_nodeVersion":"0.10.29","_npmUser":{"name":"efa2000","email":"efa2000@mail.ru"},"maintainers":[{"name":"efa2000","email":"efa2000@mail.ru"}],"dist":{"shasum":"ac21e8267ac42e881acdc849fe9d7bde81e12799","tarball":"http://registry.npmjs.org/node-red-contrib-wit/-/node-red-contrib-wit-0.1.3.tgz"}}
33 verbose stack new={"name":"node-red-contrib-wit","version":"0.1.3","description":"Node-Red nodes for communicating with Wit.ai (https://wit.ai/)","main":"10-wit.js","dependencies":{"request":">=2.42.0"},"scripts":{"test":"echo \"Error: no test specified\" && exit 1"},"repository":{"type":"git","url":"https://github.com/efa2000/node-red-contrib-wit.git"},"keywords":["node-red","wit","wit.ai","Natural Language"],"node-red":{"nodes":{"wit":"10-wit.js"}},"author":{"name":"efa200"},"license":"ISC","bugs":{"url":"https://github.com/efa2000/node-red-contrib-wit/issues"},"readme":"node-red-contrib-wit\u000a====================\u000a\u000a[![NPM](https://nodei.co/npm/node-red-contrib-wit.png?downloads=true&downloadRank=true&stars=true)](https://nodei.co/npm/node-red-contrib-wit/)\u000a\u000aNode-Red nodes for communication with Wit.ai\u000a\u000aWIT.AI - Natural Language for the Internet of Things! https://wit.ai/\u000a\u000a[![Screen shot](https://raw.githubusercontent.com/efa2000/node-red-contrib-wit/master/screen-shot.png)](https://raw.githubusercontent.com/efa2000/node-red-contrib-wit/master/screen-shot.png)\u000a\u000a#Install\u000a\u000aRun the following command in the root directory of your Node-RED install\u000a\u000a    npm install node-red-contrib-wit\u000a\u000a#Input\u000aText string from msg.payload\u000a\u000a#Output\u000aResponse Object in msg.payload\u000aExample response\u000a\u000a\u0009  {\u000a\u0009    \"msg_id\" : \"387b8515-0c1d-42a9-aa80-e68b66b66c27\",\u000a\u0009    \"_text\" : \"how many people between Tuesday and Friday\",\u000a\u0009    \"outcomes\" : [ {\u000a\u0009        \"_text\" : \"how many people between Tuesday and Friday\",\u000a\u0009        \"intent\" : \"query_metrics\",\u000a\u0009        \"entities\" : {\u000a\u0009            \"metric\" : [ {\u000a\u0009              \"metadata\" : \"{'code' : 324}\",\u000a\u0009              \"value\" : \"metric_visitor\"\u000a\u0009            } ],\u000a\u0009            \"datetime\" : [ {\u000a\u0009                \"value\" : {\u000a\u0009                    \"from\" : \"2014-07-01T00:00:00.000-07:00\",\u000a\u0009                    \"to\" : \"2014-07-02T00:00:00.000-07:00\"\u000a\u0009                }\u000a\u0009              }, {\u000a\u0009                \"value\" : {\u000a\u0009                    \"from\" : \"2014-07-04T00:00:00.000-07:00\",\u000a\u0009                    \"to\" : \"2014-07-05T00:00:00.000-07:00\"\u000a\u0009                }\u000a\u0009              } ]\u000a\u0009        },\u000a\u0009        \"confidence\" : 0.621\u000a\u0009    } ]\u000a\u0009  }\u000a \u000a#Datail info\u000aDetail info https://wit.ai/docs/http\u000a\u000a","readmeFilename":"README.md","gitHead":"1fffea3b1176bff30e4a0e45644bbcb92b4d57b9","homepage":"https://github.com/efa2000/node-red-contrib-wit","_id":"node-red-contrib-wit@0.1.3","_shasum":"544623acd768c412dcf5c91d8ac00cfbb9e59a85","_from":".","_npmVersion":"2.1.8","_nodeVersion":"0.10.29","_npmUser":{"name":"efa2000","email":"efa2000@mail.ru"},"maintainers":[{"name":"efa2000","email":"efa2000@mail.ru"}],"dist":{"shasum":"544623acd768c412dcf5c91d8ac00cfbb9e59a85","tarball":"http://registry.npmjs.org/node-red-contrib-wit/-/node-red-contrib-wit-0.1.3.tgz"}}: node-red-contrib-wit
33 verbose stack     at CachingRegistryClient.<anonymous> (/usr/local/lib/node_modules/npm/node_modules/npm-registry-client/lib/request.js:234:14)
33 verbose stack     at Request._callback (/usr/local/lib/node_modules/npm/node_modules/npm-registry-client/lib/request.js:172:14)
33 verbose stack     at Request.self.callback (/usr/local/lib/node_modules/npm/node_modules/request/request.js:372:22)
33 verbose stack     at Request.emit (events.js:98:17)
33 verbose stack     at Request.<anonymous> (/usr/local/lib/node_modules/npm/node_modules/request/request.js:1310:14)
33 verbose stack     at Request.emit (events.js:117:20)
33 verbose stack     at IncomingMessage.<anonymous> (/usr/local/lib/node_modules/npm/node_modules/request/request.js:1258:12)
33 verbose stack     at IncomingMessage.emit (events.js:117:20)
33 verbose stack     at _stream_readable.js:929:16
33 verbose stack     at process._tickCallback (node.js:419:13)
34 verbose statusCode 403
35 verbose pkgid node-red-contrib-wit
36 verbose cwd /home/efa/projects/node-red/nodes/node-red-contrib-wit
37 error Linux 3.16.0-4-amd64
38 error argv "node" "/usr/local/bin/npm" "publish"
39 error node v0.10.29
40 error npm  v2.1.8
41 error code E403
42 error forbidden cannot modify pre-existing version: 0.1.3
42 error old={"name":"node-red-contrib-wit","version":"0.1.3","description":"Node-Red nodes for communicating with Wit.ai (https://wit.ai/)","main":"10-wit.js","dependencies":{"request":"2.42.0"},"scripts":{"test":"echo \"Error: no test specified\" && exit 1"},"repository":{"type":"git","url":"https://github.com/efa2000/node-red-contrib-wit.git"},"keywords":["node-red","wit","wit.ai","Natural Language"],"node-red":{"nodes":{"wit":"10-wit.js"}},"author":{"name":"efa200"},"license":"ISC","bugs":{"url":"https://github.com/efa2000/node-red-contrib-wit/issues"},"gitHead":"2ddadb4d13baaaf7779d9534339bb9a62fce8d31","homepage":"https://github.com/efa2000/node-red-contrib-wit","_id":"node-red-contrib-wit@0.1.3","_shasum":"ac21e8267ac42e881acdc849fe9d7bde81e12799","_from":".","_npmVersion":"2.1.8","_nodeVersion":"0.10.29","_npmUser":{"name":"efa2000","email":"efa2000@mail.ru"},"maintainers":[{"name":"efa2000","email":"efa2000@mail.ru"}],"dist":{"shasum":"ac21e8267ac42e881acdc849fe9d7bde81e12799","tarball":"http://registry.npmjs.org/node-red-contrib-wit/-/node-red-contrib-wit-0.1.3.tgz"}}
42 error new={"name":"node-red-contrib-wit","version":"0.1.3","description":"Node-Red nodes for communicating with Wit.ai (https://wit.ai/)","main":"10-wit.js","dependencies":{"request":">=2.42.0"},"scripts":{"test":"echo \"Error: no test specified\" && exit 1"},"repository":{"type":"git","url":"https://github.com/efa2000/node-red-contrib-wit.git"},"keywords":["node-red","wit","wit.ai","Natural Language"],"node-red":{"nodes":{"wit":"10-wit.js"}},"author":{"name":"efa200"},"license":"ISC","bugs":{"url":"https://github.com/efa2000/node-red-contrib-wit/issues"},"readme":"node-red-contrib-wit\u000a====================\u000a\u000a[![NPM](https://nodei.co/npm/node-red-contrib-wit.png?downloads=true&downloadRank=true&stars=true)](https://nodei.co/npm/node-red-contrib-wit/)\u000a\u000aNode-Red nodes for communication with Wit.ai\u000a\u000aWIT.AI - Natural Language for the Internet of Things! https://wit.ai/\u000a\u000a[![Screen shot](https://raw.githubusercontent.com/efa2000/node-red-contrib-wit/master/screen-shot.png)](https://raw.githubusercontent.com/efa2000/node-red-contrib-wit/master/screen-shot.png)\u000a\u000a#Install\u000a\u000aRun the following command in the root directory of your Node-RED install\u000a\u000a    npm install node-red-contrib-wit\u000a\u000a#Input\u000aText string from msg.payload\u000a\u000a#Output\u000aResponse Object in msg.payload\u000aExample response\u000a\u000a\u0009  {\u000a\u0009    \"msg_id\" : \"387b8515-0c1d-42a9-aa80-e68b66b66c27\",\u000a\u0009    \"_text\" : \"how many people between Tuesday and Friday\",\u000a\u0009    \"outcomes\" : [ {\u000a\u0009        \"_text\" : \"how many people between Tuesday and Friday\",\u000a\u0009        \"intent\" : \"query_metrics\",\u000a\u0009        \"entities\" : {\u000a\u0009            \"metric\" : [ {\u000a\u0009              \"metadata\" : \"{'code' : 324}\",\u000a\u0009              \"value\" : \"metric_visitor\"\u000a\u0009            } ],\u000a\u0009            \"datetime\" : [ {\u000a\u0009                \"value\" : {\u000a\u0009                    \"from\" : \"2014-07-01T00:00:00.000-07:00\",\u000a\u0009                    \"to\" : \"2014-07-02T00:00:00.000-07:00\"\u000a\u0009                }\u000a\u0009              }, {\u000a\u0009                \"value\" : {\u000a\u0009                    \"from\" : \"2014-07-04T00:00:00.000-07:00\",\u000a\u0009                    \"to\" : \"2014-07-05T00:00:00.000-07:00\"\u000a\u0009                }\u000a\u0009              } ]\u000a\u0009        },\u000a\u0009        \"confidence\" : 0.621\u000a\u0009    } ]\u000a\u0009  }\u000a \u000a#Datail info\u000aDetail info https://wit.ai/docs/http\u000a\u000a","readmeFilename":"README.md","gitHead":"1fffea3b1176bff30e4a0e45644bbcb92b4d57b9","homepage":"https://github.com/efa2000/node-red-contrib-wit","_id":"node-red-contrib-wit@0.1.3","_shasum":"544623acd768c412dcf5c91d8ac00cfbb9e59a85","_from":".","_npmVersion":"2.1.8","_nodeVersion":"0.10.29","_npmUser":{"name":"efa2000","email":"efa2000@mail.ru"},"maintainers":[{"name":"efa2000","email":"efa2000@mail.ru"}],"dist":{"shasum":"544623acd768c412dcf5c91d8ac00cfbb9e59a85","tarball":"http://registry.npmjs.org/node-red-contrib-wit/-/node-red-contrib-wit-0.1.3.tgz"}}: node-red-contrib-wit
43 error If you need help, you may report this error at:
43 error     <http://github.com/npm/npm/issues>
44 verbose exit [ 1, true ]
